{"level":"info","message":"Listening on port 3900...","timestamp":"2018-07-25T19:02:18.260Z"}
{"level":"info","message":"Connected to mongodb://localhost/vidly...","timestamp":"2018-07-25T19:02:18.281Z"}
{"level":"info","message":"Listening on port 3900...","timestamp":"2018-07-25T19:09:55.035Z"}
{"level":"info","message":"Connected to mongodb://localhost/vidly...","timestamp":"2018-07-25T19:09:55.055Z"}
{"message":"Cannot read property 'isAdmin' of undefined","stack":"TypeError: Cannot read property 'isAdmin' of undefined\n    at module.exports (/Users/moshfeghhamedani/Dropbox/Courses/React/Demo/vidly-api-node/middleware/admin.js:8:17)\n    at /Users/moshfeghhamedani/Dropbox/Courses/React/Demo/vidly-api-node/node_modules/express-async-errors/index.js:17:17\n    at Layer.handle [as handle_request] (/Users/moshfeghhamedani/Dropbox/Courses/React/Demo/vidly-api-node/node_modules/express/lib/router/layer.js:95:5)\n    at next (/Users/moshfeghhamedani/Dropbox/Courses/React/Demo/vidly-api-node/node_modules/express/lib/router/route.js:137:13)\n    at module.exports (/Users/moshfeghhamedani/Dropbox/Courses/React/Demo/vidly-api-node/middleware/auth.js:5:36)\n    at /Users/moshfeghhamedani/Dropbox/Courses/React/Demo/vidly-api-node/node_modules/express-async-errors/index.js:17:17\n    at Layer.handle [as handle_request] (/Users/moshfeghhamedani/Dropbox/Courses/React/Demo/vidly-api-node/node_modules/express/lib/router/layer.js:95:5)\n    at next (/Users/moshfeghhamedani/Dropbox/Courses/React/Demo/vidly-api-node/node_modules/express/lib/router/route.js:137:13)\n    at Route.dispatch (/Users/moshfeghhamedani/Dropbox/Courses/React/Demo/vidly-api-node/node_modules/express/lib/router/route.js:112:3)\n    at /Users/moshfeghhamedani/Dropbox/Courses/React/Demo/vidly-api-node/node_modules/express-async-errors/index.js:17:17\n    at Layer.handle [as handle_request] (/Users/moshfeghhamedani/Dropbox/Courses/React/Demo/vidly-api-node/node_modules/express/lib/router/layer.js:95:5)\n    at /Users/moshfeghhamedani/Dropbox/Courses/React/Demo/vidly-api-node/node_modules/express/lib/router/index.js:281:22\n    at Function.process_params (/Users/moshfeghhamedani/Dropbox/Courses/React/Demo/vidly-api-node/node_modules/express/lib/router/index.js:335:12)\n    at next (/Users/moshfeghhamedani/Dropbox/Courses/React/Demo/vidly-api-node/node_modules/express/lib/router/index.js:275:10)\n    at Function.handle (/Users/moshfeghhamedani/Dropbox/Courses/React/Demo/vidly-api-node/node_modules/express/lib/router/index.js:174:3)\n    at router (/Users/moshfeghhamedani/Dropbox/Courses/React/Demo/vidly-api-node/node_modules/express/lib/router/index.js:47:12)","level":"error","timestamp":"2018-07-25T19:11:08.638Z"}
{"level":"info","message":"Listening on port 3900...","timestamp":"2018-07-25T19:11:36.087Z"}
{"level":"info","message":"Connected to mongodb://localhost/vidly...","timestamp":"2018-07-25T19:11:36.108Z"}
{"level":"info","message":"Listening on port 3900...","timestamp":"2018-07-25T19:11:40.247Z"}
{"level":"info","message":"Connected to mongodb://localhost/vidly...","timestamp":"2018-07-25T19:11:40.267Z"}
{"level":"info","message":"Listening on port 3900...","timestamp":"2018-07-25T19:11:52.261Z"}
{"level":"info","message":"Connected to mongodb://localhost/vidly...","timestamp":"2018-07-25T19:11:52.282Z"}
{"level":"info","message":"Listening on port 3900...","timestamp":"2018-07-25T19:16:03.043Z"}
{"level":"info","message":"Connected to mongodb://localhost/vidly...","timestamp":"2018-07-25T19:16:03.069Z"}
{"level":"info","message":"Listening on port 3900...","timestamp":"2018-07-25T19:16:06.519Z"}
{"level":"info","message":"Connected to mongodb://localhost/vidly...","timestamp":"2018-07-25T19:16:06.545Z"}
{"level":"info","message":"Listening on port 3900...","timestamp":"2018-07-25T19:21:13.994Z"}
{"level":"info","message":"Connected to mongodb://localhost/vidly...","timestamp":"2018-07-25T19:21:14.014Z"}
{"message":"Cast to ObjectId failed for value \"5b58c8fca5ebf3212ead2f2x\" at path \"_id\" for model \"Movies\"","stack":"CastError: Cast to ObjectId failed for value \"5b58c8fca5ebf3212ead2f2x\" at path \"_id\" for model \"Movies\"\n    at new CastError (/Users/moshfeghhamedani/Dropbox/Courses/React/Demo/vidly-api-node/node_modules/mongoose/lib/error/cast.js:27:11)\n    at ObjectId.cast (/Users/moshfeghhamedani/Dropbox/Courses/React/Demo/vidly-api-node/node_modules/mongoose/lib/schema/objectid.js:158:13)\n    at ObjectId.SchemaType.applySetters (/Users/moshfeghhamedani/Dropbox/Courses/React/Demo/vidly-api-node/node_modules/mongoose/lib/schematype.js:701:12)\n    at ObjectId.SchemaType._castForQuery (/Users/moshfeghhamedani/Dropbox/Courses/React/Demo/vidly-api-node/node_modules/mongoose/lib/schematype.js:1072:15)\n    at ObjectId.castForQuery (/Users/moshfeghhamedani/Dropbox/Courses/React/Demo/vidly-api-node/node_modules/mongoose/lib/schema/objectid.js:198:15)\n    at ObjectId.SchemaType.castForQueryWrapper (/Users/moshfeghhamedani/Dropbox/Courses/React/Demo/vidly-api-node/node_modules/mongoose/lib/schematype.js:1041:15)\n    at cast (/Users/moshfeghhamedani/Dropbox/Courses/React/Demo/vidly-api-node/node_modules/mongoose/lib/cast.js:269:32)\n    at model.Query.Query.cast (/Users/moshfeghhamedani/Dropbox/Courses/React/Demo/vidly-api-node/node_modules/mongoose/lib/query.js:3133:12)\n    at model.Query.Query._castConditions (/Users/moshfeghhamedani/Dropbox/Courses/React/Demo/vidly-api-node/node_modules/mongoose/lib/query.js:1269:10)\n    at model.Query.Query._findOne (/Users/moshfeghhamedani/Dropbox/Courses/React/Demo/vidly-api-node/node_modules/mongoose/lib/query.js:1485:8)\n    at /Users/moshfeghhamedani/Dropbox/Courses/React/Demo/vidly-api-node/node_modules/kareem/index.js:276:8\n    at /Users/moshfeghhamedani/Dropbox/Courses/React/Demo/vidly-api-node/node_modules/kareem/index.js:23:7\n    at _combinedTickCallback (internal/process/next_tick.js:131:7)\n    at process._tickCallback (internal/process/next_tick.js:180:9)","name":"CastError","stringValue":"\"5b58c8fca5ebf3212ead2f2x\"","kind":"ObjectId","value":"5b58c8fca5ebf3212ead2f2x","path":"_id","level":"error","timestamp":"2018-07-26T17:59:40.162Z"}
{"message":"Cast to ObjectId failed for value \"5b58c8fca5ebf3212ead2f2x\" at path \"_id\" for model \"Movies\"","stack":"CastError: Cast to ObjectId failed for value \"5b58c8fca5ebf3212ead2f2x\" at path \"_id\" for model \"Movies\"\n    at new CastError (/Users/moshfeghhamedani/Dropbox/Courses/React/Demo/vidly-api-node/node_modules/mongoose/lib/error/cast.js:27:11)\n    at ObjectId.cast (/Users/moshfeghhamedani/Dropbox/Courses/React/Demo/vidly-api-node/node_modules/mongoose/lib/schema/objectid.js:158:13)\n    at ObjectId.SchemaType.applySetters (/Users/moshfeghhamedani/Dropbox/Courses/React/Demo/vidly-api-node/node_modules/mongoose/lib/schematype.js:701:12)\n    at ObjectId.SchemaType._castForQuery (/Users/moshfeghhamedani/Dropbox/Courses/React/Demo/vidly-api-node/node_modules/mongoose/lib/schematype.js:1072:15)\n    at ObjectId.castForQuery (/Users/moshfeghhamedani/Dropbox/Courses/React/Demo/vidly-api-node/node_modules/mongoose/lib/schema/objectid.js:198:15)\n    at ObjectId.SchemaType.castForQueryWrapper (/Users/moshfeghhamedani/Dropbox/Courses/React/Demo/vidly-api-node/node_modules/mongoose/lib/schematype.js:1041:15)\n    at cast (/Users/moshfeghhamedani/Dropbox/Courses/React/Demo/vidly-api-node/node_modules/mongoose/lib/cast.js:269:32)\n    at model.Query.Query.cast (/Users/moshfeghhamedani/Dropbox/Courses/React/Demo/vidly-api-node/node_modules/mongoose/lib/query.js:3133:12)\n    at model.Query.Query._castConditions (/Users/moshfeghhamedani/Dropbox/Courses/React/Demo/vidly-api-node/node_modules/mongoose/lib/query.js:1269:10)\n    at model.Query.Query._findOne (/Users/moshfeghhamedani/Dropbox/Courses/React/Demo/vidly-api-node/node_modules/mongoose/lib/query.js:1485:8)\n    at /Users/moshfeghhamedani/Dropbox/Courses/React/Demo/vidly-api-node/node_modules/kareem/index.js:276:8\n    at /Users/moshfeghhamedani/Dropbox/Courses/React/Demo/vidly-api-node/node_modules/kareem/index.js:23:7\n    at _combinedTickCallback (internal/process/next_tick.js:131:7)\n    at process._tickCallback (internal/process/next_tick.js:180:9)","name":"CastError","stringValue":"\"5b58c8fca5ebf3212ead2f2x\"","kind":"ObjectId","value":"5b58c8fca5ebf3212ead2f2x","path":"_id","level":"error","timestamp":"2018-07-26T18:01:43.512Z"}
{"message":"Cast to ObjectId failed for value \"5b58c8fca5ebf3212ead2f2x\" at path \"_id\" for model \"Movies\"","stack":"CastError: Cast to ObjectId failed for value \"5b58c8fca5ebf3212ead2f2x\" at path \"_id\" for model \"Movies\"\n    at new CastError (/Users/moshfeghhamedani/Dropbox/Courses/React/Demo/vidly-api-node/node_modules/mongoose/lib/error/cast.js:27:11)\n    at ObjectId.cast (/Users/moshfeghhamedani/Dropbox/Courses/React/Demo/vidly-api-node/node_modules/mongoose/lib/schema/objectid.js:158:13)\n    at ObjectId.SchemaType.applySetters (/Users/moshfeghhamedani/Dropbox/Courses/React/Demo/vidly-api-node/node_modules/mongoose/lib/schematype.js:701:12)\n    at ObjectId.SchemaType._castForQuery (/Users/moshfeghhamedani/Dropbox/Courses/React/Demo/vidly-api-node/node_modules/mongoose/lib/schematype.js:1072:15)\n    at ObjectId.castForQuery (/Users/moshfeghhamedani/Dropbox/Courses/React/Demo/vidly-api-node/node_modules/mongoose/lib/schema/objectid.js:198:15)\n    at ObjectId.SchemaType.castForQueryWrapper (/Users/moshfeghhamedani/Dropbox/Courses/React/Demo/vidly-api-node/node_modules/mongoose/lib/schematype.js:1041:15)\n    at cast (/Users/moshfeghhamedani/Dropbox/Courses/React/Demo/vidly-api-node/node_modules/mongoose/lib/cast.js:269:32)\n    at model.Query.Query.cast (/Users/moshfeghhamedani/Dropbox/Courses/React/Demo/vidly-api-node/node_modules/mongoose/lib/query.js:3133:12)\n    at model.Query.Query._castConditions (/Users/moshfeghhamedani/Dropbox/Courses/React/Demo/vidly-api-node/node_modules/mongoose/lib/query.js:1269:10)\n    at model.Query.Query._findOne (/Users/moshfeghhamedani/Dropbox/Courses/React/Demo/vidly-api-node/node_modules/mongoose/lib/query.js:1485:8)\n    at /Users/moshfeghhamedani/Dropbox/Courses/React/Demo/vidly-api-node/node_modules/kareem/index.js:276:8\n    at /Users/moshfeghhamedani/Dropbox/Courses/React/Demo/vidly-api-node/node_modules/kareem/index.js:23:7\n    at _combinedTickCallback (internal/process/next_tick.js:131:7)\n    at process._tickCallback (internal/process/next_tick.js:180:9)","name":"CastError","stringValue":"\"5b58c8fca5ebf3212ead2f2x\"","kind":"ObjectId","value":"5b58c8fca5ebf3212ead2f2x","path":"_id","level":"error","timestamp":"2018-07-26T18:01:58.144Z"}
{"message":"Cast to ObjectId failed for value \"5b58c8fca5ebf3212ead2f2x\" at path \"_id\" for model \"Movies\"","stack":"CastError: Cast to ObjectId failed for value \"5b58c8fca5ebf3212ead2f2x\" at path \"_id\" for model \"Movies\"\n    at new CastError (/Users/moshfeghhamedani/Dropbox/Courses/React/Demo/vidly-api-node/node_modules/mongoose/lib/error/cast.js:27:11)\n    at ObjectId.cast (/Users/moshfeghhamedani/Dropbox/Courses/React/Demo/vidly-api-node/node_modules/mongoose/lib/schema/objectid.js:158:13)\n    at ObjectId.SchemaType.applySetters (/Users/moshfeghhamedani/Dropbox/Courses/React/Demo/vidly-api-node/node_modules/mongoose/lib/schematype.js:701:12)\n    at ObjectId.SchemaType._castForQuery (/Users/moshfeghhamedani/Dropbox/Courses/React/Demo/vidly-api-node/node_modules/mongoose/lib/schematype.js:1072:15)\n    at ObjectId.castForQuery (/Users/moshfeghhamedani/Dropbox/Courses/React/Demo/vidly-api-node/node_modules/mongoose/lib/schema/objectid.js:198:15)\n    at ObjectId.SchemaType.castForQueryWrapper (/Users/moshfeghhamedani/Dropbox/Courses/React/Demo/vidly-api-node/node_modules/mongoose/lib/schematype.js:1041:15)\n    at cast (/Users/moshfeghhamedani/Dropbox/Courses/React/Demo/vidly-api-node/node_modules/mongoose/lib/cast.js:269:32)\n    at model.Query.Query.cast (/Users/moshfeghhamedani/Dropbox/Courses/React/Demo/vidly-api-node/node_modules/mongoose/lib/query.js:3133:12)\n    at model.Query.Query._castConditions (/Users/moshfeghhamedani/Dropbox/Courses/React/Demo/vidly-api-node/node_modules/mongoose/lib/query.js:1269:10)\n    at model.Query.Query._findOne (/Users/moshfeghhamedani/Dropbox/Courses/React/Demo/vidly-api-node/node_modules/mongoose/lib/query.js:1485:8)\n    at /Users/moshfeghhamedani/Dropbox/Courses/React/Demo/vidly-api-node/node_modules/kareem/index.js:276:8\n    at /Users/moshfeghhamedani/Dropbox/Courses/React/Demo/vidly-api-node/node_modules/kareem/index.js:23:7\n    at _combinedTickCallback (internal/process/next_tick.js:131:7)\n    at process._tickCallback (internal/process/next_tick.js:180:9)","name":"CastError","stringValue":"\"5b58c8fca5ebf3212ead2f2x\"","kind":"ObjectId","value":"5b58c8fca5ebf3212ead2f2x","path":"_id","level":"error","timestamp":"2018-07-26T18:02:20.602Z"}
{"message":"Cast to ObjectId failed for value \"5b58c8fca5ebf3212ead2f2x\" at path \"_id\" for model \"Movies\"","stack":"CastError: Cast to ObjectId failed for value \"5b58c8fca5ebf3212ead2f2x\" at path \"_id\" for model \"Movies\"\n    at new CastError (/Users/moshfeghhamedani/Dropbox/Courses/React/Demo/vidly-api-node/node_modules/mongoose/lib/error/cast.js:27:11)\n    at ObjectId.cast (/Users/moshfeghhamedani/Dropbox/Courses/React/Demo/vidly-api-node/node_modules/mongoose/lib/schema/objectid.js:158:13)\n    at ObjectId.SchemaType.applySetters (/Users/moshfeghhamedani/Dropbox/Courses/React/Demo/vidly-api-node/node_modules/mongoose/lib/schematype.js:701:12)\n    at ObjectId.SchemaType._castForQuery (/Users/moshfeghhamedani/Dropbox/Courses/React/Demo/vidly-api-node/node_modules/mongoose/lib/schematype.js:1072:15)\n    at ObjectId.castForQuery (/Users/moshfeghhamedani/Dropbox/Courses/React/Demo/vidly-api-node/node_modules/mongoose/lib/schema/objectid.js:198:15)\n    at ObjectId.SchemaType.castForQueryWrapper (/Users/moshfeghhamedani/Dropbox/Courses/React/Demo/vidly-api-node/node_modules/mongoose/lib/schematype.js:1041:15)\n    at cast (/Users/moshfeghhamedani/Dropbox/Courses/React/Demo/vidly-api-node/node_modules/mongoose/lib/cast.js:269:32)\n    at model.Query.Query.cast (/Users/moshfeghhamedani/Dropbox/Courses/React/Demo/vidly-api-node/node_modules/mongoose/lib/query.js:3133:12)\n    at model.Query.Query._castConditions (/Users/moshfeghhamedani/Dropbox/Courses/React/Demo/vidly-api-node/node_modules/mongoose/lib/query.js:1269:10)\n    at model.Query.Query._findOne (/Users/moshfeghhamedani/Dropbox/Courses/React/Demo/vidly-api-node/node_modules/mongoose/lib/query.js:1485:8)\n    at /Users/moshfeghhamedani/Dropbox/Courses/React/Demo/vidly-api-node/node_modules/kareem/index.js:276:8\n    at /Users/moshfeghhamedani/Dropbox/Courses/React/Demo/vidly-api-node/node_modules/kareem/index.js:23:7\n    at _combinedTickCallback (internal/process/next_tick.js:131:7)\n    at process._tickCallback (internal/process/next_tick.js:180:9)","name":"CastError","stringValue":"\"5b58c8fca5ebf3212ead2f2x\"","kind":"ObjectId","value":"5b58c8fca5ebf3212ead2f2x","path":"_id","level":"error","timestamp":"2018-07-26T18:03:23.147Z"}
{"level":"info","message":"Listening on port 3900...","timestamp":"2018-07-26T18:07:38.002Z"}
{"level":"info","message":"Connected to mongodb://localhost/vidly...","timestamp":"2018-07-26T18:07:38.017Z"}
{"level":"info","message":"Listening on port 3900...","timestamp":"2018-08-01T17:05:48.069Z"}
{"level":"info","message":"Listening on port 3900...","timestamp":"2018-08-01T17:05:58.074Z"}
{"level":"info","message":"Connected to mongodb://localhost/vidly...","timestamp":"2018-08-01T17:05:58.095Z"}
{"level":"info","message":"Listening on port 3900...","timestamp":"2018-08-01T19:27:24.787Z"}
{"level":"info","message":"Connected to mongodb://localhost/vidly...","timestamp":"2018-08-01T19:27:24.807Z"}
{"message":"Unexpected token \n in JSON at position 55","stack":"SyntaxError: Unexpected token \n in JSON at position 55\n    at JSON.parse (<anonymous>)\n    at parse (/Users/moshfeghhamedani/Dropbox/Courses/React/Demo/vidly-api-node/node_modules/body-parser/lib/types/json.js:89:19)\n    at /Users/moshfeghhamedani/Dropbox/Courses/React/Demo/vidly-api-node/node_modules/body-parser/lib/read.js:121:18\n    at invokeCallback (/Users/moshfeghhamedani/Dropbox/Courses/React/Demo/vidly-api-node/node_modules/raw-body/index.js:224:16)\n    at done (/Users/moshfeghhamedani/Dropbox/Courses/React/Demo/vidly-api-node/node_modules/raw-body/index.js:213:7)\n    at IncomingMessage.onEnd (/Users/moshfeghhamedani/Dropbox/Courses/React/Demo/vidly-api-node/node_modules/raw-body/index.js:273:7)\n    at emitNone (events.js:106:13)\n    at IncomingMessage.emit (events.js:208:7)\n    at endReadableNT (_stream_readable.js:1056:12)\n    at _combinedTickCallback (internal/process/next_tick.js:138:11)\n    at process._tickCallback (internal/process/next_tick.js:180:9)","expose":true,"statusCode":400,"status":400,"body":"{\n\t\"email\": \"user10@domain.com\",\n\t\"password\": \"123456, \n\t\"name\": \"Mosh\"\n}","type":"entity.parse.failed","level":"error","timestamp":"2018-08-01T19:28:03.863Z"}
{"level":"info","message":"Listening on port 3900...","timestamp":"2018-08-01T19:32:10.154Z"}
{"level":"info","message":"Connected to mongodb://localhost/vidly...","timestamp":"2018-08-01T19:32:10.174Z"}
{"level":"info","message":"Listening on port 3900...","timestamp":"2018-08-01T19:32:41.208Z"}
{"level":"info","message":"Connected to mongodb://localhost/vidly...","timestamp":"2018-08-01T19:32:41.227Z"}
{"level":"info","message":"Listening on port 3900...","timestamp":"2018-08-01T19:48:20.908Z"}
{"level":"info","message":"Connected to mongodb://localhost/vidly...","timestamp":"2018-08-01T19:48:20.929Z"}
{"level":"info","message":"Listening on port 3900...","timestamp":"2018-08-02T17:16:40.672Z"}
{"level":"info","message":"Connected to mongodb://localhost/vidly...","timestamp":"2018-08-02T17:16:40.691Z"}
{"level":"info","message":"Listening on port 3900...","timestamp":"2018-08-02T17:27:08.179Z"}
{"level":"info","message":"Connected to mongodb://localhost/vidly...","timestamp":"2018-08-02T17:27:08.199Z"}
{"level":"info","message":"Listening on port 3900...","timestamp":"2018-08-02T17:29:37.614Z"}
{"level":"info","message":"Connected to mongodb://localhost/vidly...","timestamp":"2018-08-02T17:29:37.639Z"}
{"level":"info","message":"Listening on port 3900...","timestamp":"2018-08-02T17:44:13.347Z"}
{"level":"info","message":"Connected to mongodb://localhost/vidly...","timestamp":"2018-08-02T17:44:13.367Z"}
{"level":"info","message":"Listening on port 3900...","timestamp":"2018-08-08T16:40:58.626Z"}
{"level":"info","message":"Listening on port 3900...","timestamp":"2018-08-08T16:41:09.898Z"}
{"level":"info","message":"Connected to mongodb://localhost/vidly...","timestamp":"2018-08-08T16:41:09.919Z"}
{"level":"info","message":"Listening on port 3900...","timestamp":"2020-03-06T17:02:58.735Z"}
{"level":"info","message":"Connected to mongodb://localhost/vidly...","timestamp":"2020-03-06T17:02:59.749Z"}
{"level":"info","message":"Listening on port 3900...","timestamp":"2020-04-26T03:08:29.919Z"}
{"level":"info","message":"Connected to mongodb://localhost/vidly...","timestamp":"2020-04-26T03:08:31.935Z"}
{"level":"info","message":"Listening on port 3900...","timestamp":"2020-08-04T22:23:52.798Z"}
{"level":"info","message":"Connected to mongodb://localhost/vidly...","timestamp":"2020-08-04T22:23:52.813Z"}
{"level":"info","message":"Listening on port 3900...","timestamp":"2020-08-04T22:44:05.537Z"}
{"level":"info","message":"Connected to mongodb://localhost/vidly...","timestamp":"2020-08-04T22:44:05.551Z"}
{"level":"info","message":"Listening on port 3900...","timestamp":"2020-08-05T03:40:32.866Z"}
{"level":"info","message":"Connected to mongodb://localhost/vidly...","timestamp":"2020-08-05T03:40:32.879Z"}
{"level":"info","message":"Listening on port 3900...","timestamp":"2020-08-05T03:48:44.884Z"}
{"level":"info","message":"Connected to mongodb+srv://dolanAdmin:admin1234@cluster0.jruzj.mongodb.net/dolan...","timestamp":"2020-08-05T03:48:45.441Z"}
{"level":"info","message":"Listening on port 3900...","timestamp":"2020-08-05T03:49:21.037Z"}
{"level":"info","message":"Connected to mongodb://localhost/dolan...","timestamp":"2020-08-05T03:49:21.051Z"}
{"level":"info","message":"Listening on port 3900...","timestamp":"2020-08-05T03:49:25.853Z"}
{"level":"info","message":"Connected to mongodb://localhost/dolan...","timestamp":"2020-08-05T03:49:25.866Z"}
{"level":"info","message":"Listening on port 3900...","timestamp":"2020-08-05T03:49:29.933Z"}
{"level":"info","message":"Connected to mongodb://localhost/dolan...","timestamp":"2020-08-05T03:49:29.949Z"}
{"level":"info","message":"Listening on port 3900...","timestamp":"2020-08-05T04:22:58.547Z"}
{"level":"info","message":"Connected to mongodb://localhost/vidly...","timestamp":"2020-08-05T04:22:58.560Z"}
{"level":"info","message":"Listening on port 3900...","timestamp":"2020-08-05T04:26:00.154Z"}
{"level":"info","message":"Connected to mongodb+srv://dolanAdmin:admin1234@cluster0.jruzj.mongodb.net/dolan...","timestamp":"2020-08-05T04:26:00.701Z"}
{"level":"info","message":"Listening on port 3900...","timestamp":"2020-08-05T04:41:42.225Z"}
{"level":"info","message":"Connected to mongodb+srv://dolanAdmin:admin1234@cluster0.jruzj.mongodb.net/dolan...","timestamp":"2020-08-05T04:41:42.770Z"}
{"level":"info","message":"Listening on port 3900...","timestamp":"2020-08-05T05:25:13.210Z"}
{"level":"info","message":"Connected to mongodb+srv://dolanAdmin:admin1234@cluster0.jruzj.mongodb.net/dolan...","timestamp":"2020-08-05T05:25:13.807Z"}
{"level":"info","message":"Listening on port 3900...","timestamp":"2020-08-05T05:28:38.794Z"}
{"level":"info","message":"Listening on port 3900...","timestamp":"2020-08-05T05:39:42.727Z"}
{"level":"info","message":"Listening on port 3900...","timestamp":"2020-08-05T05:40:26.373Z"}
{"level":"info","message":"Connected to mongodb+srv://dolanAdmin:admin1234@cluster0.jruzj.mongodb.net/dolan...","timestamp":"2020-08-05T05:40:26.942Z"}
{"level":"info","message":"Listening on port 3900...","timestamp":"2020-08-05T05:47:41.180Z"}
{"level":"info","message":"Connected to mongodb+srv://dolanAdmin:admin1234@cluster0.jruzj.mongodb.net/dolan...","timestamp":"2020-08-05T05:47:41.743Z"}
{"level":"info","message":"Listening on port 3900...","timestamp":"2020-08-08T21:35:38.408Z"}
{"level":"info","message":"Connected to mongodb+srv://dolanAdmin:admin1234@cluster0.jruzj.mongodb.net/dolan...","timestamp":"2020-08-08T21:35:39.006Z"}
{"level":"info","message":"Listening on port 3900...","timestamp":"2020-08-08T22:42:51.656Z"}
{"level":"info","message":"Connected to mongodb+srv://dolanAdmin:admin1234@cluster0.jruzj.mongodb.net/dolan...","timestamp":"2020-08-08T22:42:52.201Z"}
{"level":"info","message":"Listening on port 3900...","timestamp":"2020-08-08T23:52:34.621Z"}
{"level":"info","message":"Connected to mongodb+srv://dolanAdmin:admin1234@cluster0.jruzj.mongodb.net/dolan...","timestamp":"2020-08-08T23:52:35.172Z"}
{"level":"info","message":"Listening on port 3900...","timestamp":"2020-08-09T22:37:09.947Z"}
{"level":"info","message":"Connected to mongodb+srv://dolanAdmin:admin1234@cluster0.jruzj.mongodb.net/dolan...","timestamp":"2020-08-09T22:37:10.542Z"}
{"level":"info","message":"Listening on port 3900...","timestamp":"2020-08-09T23:17:38.232Z"}
{"level":"info","message":"Connected to mongodb+srv://dolanAdmin:admin1234@cluster0.jruzj.mongodb.net/dolan...","timestamp":"2020-08-09T23:17:38.858Z"}
{"level":"info","message":"Listening on port 3900...","timestamp":"2020-08-09T23:18:08.383Z"}
{"level":"info","message":"Connected to mongodb+srv://dolanAdmin:admin1234@cluster0.jruzj.mongodb.net/dolan...","timestamp":"2020-08-09T23:18:08.949Z"}
{"level":"info","message":"Listening on port 3900...","timestamp":"2020-08-09T23:20:20.757Z"}
{"level":"info","message":"Connected to mongodb+srv://dolanAdmin:admin1234@cluster0.jruzj.mongodb.net/dolan...","timestamp":"2020-08-09T23:20:21.303Z"}
{"level":"info","message":"Listening on port 3900...","timestamp":"2020-08-09T23:51:12.572Z"}
{"level":"info","message":"Connected to mongodb+srv://dolanAdmin:admin1234@cluster0.jruzj.mongodb.net/dolan...","timestamp":"2020-08-09T23:51:13.129Z"}
{"level":"info","message":"Listening on port 3900...","timestamp":"2020-08-09T23:51:28.793Z"}
{"level":"info","message":"Connected to mongodb+srv://dolanAdmin:admin1234@cluster0.jruzj.mongodb.net/dolan...","timestamp":"2020-08-09T23:51:29.331Z"}
{"level":"info","message":"Listening on port 3900...","timestamp":"2020-08-09T23:51:55.747Z"}
{"level":"info","message":"Connected to mongodb+srv://dolanAdmin:admin1234@cluster0.jruzj.mongodb.net/dolan...","timestamp":"2020-08-09T23:51:56.291Z"}
{"message":"Cast to ObjectId failed for value \"checkout5e5dd2b951a00f5db0724882\" at path \"_id\" for model \"Products\"","stack":"CastError: Cast to ObjectId failed for value \"checkout5e5dd2b951a00f5db0724882\" at path \"_id\" for model \"Products\"\n    at model.Query.exec (D:\\Workspaces\\shopDev\\dolanBack\\node_modules\\mongoose\\lib\\query.js:4341:21)\n    at model.Query.Query.then (D:\\Workspaces\\shopDev\\dolanBack\\node_modules\\mongoose\\lib\\query.js:4433:15)\n    at processTicksAndRejections (internal/process/task_queues.js:97:5)","stringValue":"\"checkout5e5dd2b951a00f5db0724882\"","kind":"ObjectId","value":"checkout5e5dd2b951a00f5db0724882","path":"_id","reason":{},"level":"error","timestamp":"2020-08-09T23:51:58.542Z"}
{"message":"Cast to ObjectId failed for value \"checkout5e5dd2b951a00f5db0724882\" at path \"_id\" for model \"Products\"","stack":"CastError: Cast to ObjectId failed for value \"checkout5e5dd2b951a00f5db0724882\" at path \"_id\" for model \"Products\"\n    at model.Query.exec (D:\\Workspaces\\shopDev\\dolanBack\\node_modules\\mongoose\\lib\\query.js:4341:21)\n    at model.Query.Query.then (D:\\Workspaces\\shopDev\\dolanBack\\node_modules\\mongoose\\lib\\query.js:4433:15)\n    at processTicksAndRejections (internal/process/task_queues.js:97:5)","stringValue":"\"checkout5e5dd2b951a00f5db0724882\"","kind":"ObjectId","value":"checkout5e5dd2b951a00f5db0724882","path":"_id","reason":{},"level":"error","timestamp":"2020-08-09T23:52:02.742Z"}
{"message":"Cast to ObjectId failed for value \"checkout5e5dd2b951a00f5db0724882\" at path \"_id\" for model \"Products\"","stack":"CastError: Cast to ObjectId failed for value \"checkout5e5dd2b951a00f5db0724882\" at path \"_id\" for model \"Products\"\n    at model.Query.exec (D:\\Workspaces\\shopDev\\dolanBack\\node_modules\\mongoose\\lib\\query.js:4341:21)\n    at model.Query.Query.then (D:\\Workspaces\\shopDev\\dolanBack\\node_modules\\mongoose\\lib\\query.js:4433:15)\n    at processTicksAndRejections (internal/process/task_queues.js:97:5)","stringValue":"\"checkout5e5dd2b951a00f5db0724882\"","kind":"ObjectId","value":"checkout5e5dd2b951a00f5db0724882","path":"_id","reason":{},"level":"error","timestamp":"2020-08-09T23:52:05.865Z"}
{"level":"info","message":"Listening on port 3900...","timestamp":"2020-08-09T23:52:20.285Z"}
{"level":"info","message":"Connected to mongodb+srv://dolanAdmin:admin1234@cluster0.jruzj.mongodb.net/dolan...","timestamp":"2020-08-09T23:52:20.842Z"}
{"level":"info","message":"Listening on port 3900...","timestamp":"2020-08-09T23:54:18.103Z"}
{"level":"info","message":"Connected to mongodb+srv://dolanAdmin:admin1234@cluster0.jruzj.mongodb.net/dolan...","timestamp":"2020-08-09T23:54:18.678Z"}
{"level":"info","message":"Listening on port 3900...","timestamp":"2020-08-10T00:02:50.226Z"}
{"level":"info","message":"Connected to mongodb+srv://dolanAdmin:admin1234@cluster0.jruzj.mongodb.net/dolan...","timestamp":"2020-08-10T00:02:50.789Z"}
{"level":"info","message":"Listening on port 3900...","timestamp":"2020-08-10T00:03:04.105Z"}
{"level":"info","message":"Connected to mongodb+srv://dolanAdmin:admin1234@cluster0.jruzj.mongodb.net/dolan...","timestamp":"2020-08-10T00:03:04.650Z"}
{"level":"info","message":"Listening on port 3900...","timestamp":"2020-08-10T00:03:41.201Z"}
{"level":"info","message":"Connected to mongodb+srv://dolanAdmin:admin1234@cluster0.jruzj.mongodb.net/dolan...","timestamp":"2020-08-10T00:03:41.734Z"}
{"level":"info","message":"Listening on port 3900...","timestamp":"2020-08-10T00:08:22.862Z"}
{"level":"info","message":"Connected to mongodb+srv://dolanAdmin:admin1234@cluster0.jruzj.mongodb.net/dolan...","timestamp":"2020-08-10T00:08:23.427Z"}
{"level":"info","message":"Listening on port 3900...","timestamp":"2020-08-10T00:08:26.001Z"}
{"level":"info","message":"Connected to mongodb+srv://dolanAdmin:admin1234@cluster0.jruzj.mongodb.net/dolan...","timestamp":"2020-08-10T00:08:26.661Z"}
{"level":"info","message":"Listening on port 3900...","timestamp":"2020-08-10T00:11:19.474Z"}
{"level":"info","message":"Connected to mongodb+srv://dolanAdmin:admin1234@cluster0.jruzj.mongodb.net/dolan...","timestamp":"2020-08-10T00:11:20.050Z"}
{"message":"Cast to ObjectId failed for value \"checkout\" at path \"_id\" for model \"Products\"","stack":"CastError: Cast to ObjectId failed for value \"checkout\" at path \"_id\" for model \"Products\"\n    at model.Query.exec (D:\\Workspaces\\shopDev\\dolanBack\\node_modules\\mongoose\\lib\\query.js:4341:21)\n    at model.Query.Query.then (D:\\Workspaces\\shopDev\\dolanBack\\node_modules\\mongoose\\lib\\query.js:4433:15)\n    at processTicksAndRejections (internal/process/task_queues.js:97:5)","stringValue":"\"checkout\"","kind":"ObjectId","value":"checkout","path":"_id","reason":{},"level":"error","timestamp":"2020-08-10T00:15:31.772Z"}
{"message":"Cast to ObjectId failed for value \"checkout\" at path \"_id\" for model \"Products\"","stack":"CastError: Cast to ObjectId failed for value \"checkout\" at path \"_id\" for model \"Products\"\n    at model.Query.exec (D:\\Workspaces\\shopDev\\dolanBack\\node_modules\\mongoose\\lib\\query.js:4341:21)\n    at model.Query.Query.then (D:\\Workspaces\\shopDev\\dolanBack\\node_modules\\mongoose\\lib\\query.js:4433:15)\n    at processTicksAndRejections (internal/process/task_queues.js:97:5)","stringValue":"\"checkout\"","kind":"ObjectId","value":"checkout","path":"_id","reason":{},"level":"error","timestamp":"2020-08-10T00:16:24.356Z"}
{"message":"Cast to ObjectId failed for value \"checkout\" at path \"_id\" for model \"Products\"","stack":"CastError: Cast to ObjectId failed for value \"checkout\" at path \"_id\" for model \"Products\"\n    at model.Query.exec (D:\\Workspaces\\shopDev\\dolanBack\\node_modules\\mongoose\\lib\\query.js:4341:21)\n    at model.Query.Query.then (D:\\Workspaces\\shopDev\\dolanBack\\node_modules\\mongoose\\lib\\query.js:4433:15)\n    at processTicksAndRejections (internal/process/task_queues.js:97:5)","stringValue":"\"checkout\"","kind":"ObjectId","value":"checkout","path":"_id","reason":{},"level":"error","timestamp":"2020-08-10T00:16:33.929Z"}
{"message":"Cast to ObjectId failed for value \"checkout\" at path \"_id\" for model \"Products\"","stack":"CastError: Cast to ObjectId failed for value \"checkout\" at path \"_id\" for model \"Products\"\n    at model.Query.exec (D:\\Workspaces\\shopDev\\dolanBack\\node_modules\\mongoose\\lib\\query.js:4341:21)\n    at model.Query.Query.then (D:\\Workspaces\\shopDev\\dolanBack\\node_modules\\mongoose\\lib\\query.js:4433:15)\n    at processTicksAndRejections (internal/process/task_queues.js:97:5)","stringValue":"\"checkout\"","kind":"ObjectId","value":"checkout","path":"_id","reason":{},"level":"error","timestamp":"2020-08-10T00:17:49.595Z"}
{"level":"info","message":"Listening on port 3900...","timestamp":"2020-08-10T00:18:31.224Z"}
{"level":"info","message":"Connected to mongodb+srv://dolanAdmin:admin1234@cluster0.jruzj.mongodb.net/dolan...","timestamp":"2020-08-10T00:18:31.796Z"}
{"level":"info","message":"Listening on port 3900...","timestamp":"2020-08-10T00:24:26.398Z"}
{"level":"info","message":"Connected to mongodb+srv://dolanAdmin:admin1234@cluster0.jruzj.mongodb.net/dolan...","timestamp":"2020-08-10T00:24:26.957Z"}
{"message":"Cast to ObjectId failed for value \"checkout\" at path \"_id\" for model \"Products\"","stack":"CastError: Cast to ObjectId failed for value \"checkout\" at path \"_id\" for model \"Products\"\n    at model.Query.exec (D:\\Workspaces\\shopDev\\dolanBack\\node_modules\\mongoose\\lib\\query.js:4341:21)\n    at model.Query.Query.then (D:\\Workspaces\\shopDev\\dolanBack\\node_modules\\mongoose\\lib\\query.js:4433:15)\n    at processTicksAndRejections (internal/process/task_queues.js:97:5)","stringValue":"\"checkout\"","kind":"ObjectId","value":"checkout","path":"_id","reason":{},"level":"error","timestamp":"2020-08-10T00:24:31.386Z"}
{"message":"Cast to ObjectId failed for value \"checkout\" at path \"_id\" for model \"Products\"","stack":"CastError: Cast to ObjectId failed for value \"checkout\" at path \"_id\" for model \"Products\"\n    at model.Query.exec (D:\\Workspaces\\shopDev\\dolanBack\\node_modules\\mongoose\\lib\\query.js:4341:21)\n    at model.Query.Query.then (D:\\Workspaces\\shopDev\\dolanBack\\node_modules\\mongoose\\lib\\query.js:4433:15)\n    at processTicksAndRejections (internal/process/task_queues.js:97:5)","stringValue":"\"checkout\"","kind":"ObjectId","value":"checkout","path":"_id","reason":{},"level":"error","timestamp":"2020-08-10T00:24:54.862Z"}
{"message":"Cast to ObjectId failed for value \"checkout\" at path \"_id\" for model \"Products\"","stack":"CastError: Cast to ObjectId failed for value \"checkout\" at path \"_id\" for model \"Products\"\n    at model.Query.exec (D:\\Workspaces\\shopDev\\dolanBack\\node_modules\\mongoose\\lib\\query.js:4341:21)\n    at model.Query.Query.then (D:\\Workspaces\\shopDev\\dolanBack\\node_modules\\mongoose\\lib\\query.js:4433:15)\n    at processTicksAndRejections (internal/process/task_queues.js:97:5)","stringValue":"\"checkout\"","kind":"ObjectId","value":"checkout","path":"_id","reason":{},"level":"error","timestamp":"2020-08-10T00:25:16.160Z"}
{"level":"info","message":"Listening on port 3900...","timestamp":"2020-08-10T00:26:07.686Z"}
{"level":"info","message":"Connected to mongodb+srv://dolanAdmin:admin1234@cluster0.jruzj.mongodb.net/dolan...","timestamp":"2020-08-10T00:26:08.235Z"}
{"level":"info","message":"Listening on port 3900...","timestamp":"2020-08-10T00:26:47.169Z"}
{"level":"info","message":"Connected to mongodb+srv://dolanAdmin:admin1234@cluster0.jruzj.mongodb.net/dolan...","timestamp":"2020-08-10T00:26:47.712Z"}
{"level":"info","message":"Listening on port 3900...","timestamp":"2020-08-10T00:26:59.759Z"}
{"level":"info","message":"Connected to mongodb+srv://dolanAdmin:admin1234@cluster0.jruzj.mongodb.net/dolan...","timestamp":"2020-08-10T00:27:00.299Z"}
{"level":"info","message":"Listening on port 3900...","timestamp":"2020-08-10T00:27:37.131Z"}
{"level":"info","message":"Connected to mongodb+srv://dolanAdmin:admin1234@cluster0.jruzj.mongodb.net/dolan...","timestamp":"2020-08-10T00:27:37.670Z"}
{"message":"Products validation failed: image: Path `image` is required., genre.name: Path `name` (`其他`) is shorter than the minimum allowed length (5)., genre: Validation failed: name: Path `name` (`其他`) is shorter than the minimum allowed length (5).","stack":"ValidationError: Products validation failed: image: Path `image` is required., genre.name: Path `name` (`其他`) is shorter than the minimum allowed length (5)., genre: Validation failed: name: Path `name` (`其他`) is shorter than the minimum allowed length (5).\n    at model.Document.invalidate (D:\\Workspaces\\shopDev\\dolanBack\\node_modules\\mongoose\\lib\\document.js:2564:32)\n    at D:\\Workspaces\\shopDev\\dolanBack\\node_modules\\mongoose\\lib\\document.js:2386:17\n    at D:\\Workspaces\\shopDev\\dolanBack\\node_modules\\mongoose\\lib\\schematype.js:1181:9\n    at processTicksAndRejections (internal/process/task_queues.js:79:11)","errors":{"image":{"properties":{"message":"Path `image` is required.","type":"required","path":"image"},"kind":"required","path":"image"},"genre.name":{"properties":{"message":"Path `name` (`其他`) is shorter than the minimum allowed length (5).","type":"minlength","minlength":5,"path":"name","value":"其他"},"kind":"minlength","path":"name","value":"其他"},"genre":{"errors":{"name":{"properties":{"message":"Path `name` (`其他`) is shorter than the minimum allowed length (5).","type":"minlength","minlength":5,"path":"name","value":"其他"},"kind":"minlength","path":"name","value":"其他"}},"_message":"Validation failed","message":"Validation failed: name: Path `name` (`其他`) is shorter than the minimum allowed length (5)."}},"_message":"Products validation failed","level":"error","timestamp":"2020-08-10T04:01:19.421Z"}
{"message":"Products validation failed: image: Path `image` is required., genre.name: Path `name` (`其他`) is shorter than the minimum allowed length (5)., genre: Validation failed: name: Path `name` (`其他`) is shorter than the minimum allowed length (5).","stack":"ValidationError: Products validation failed: image: Path `image` is required., genre.name: Path `name` (`其他`) is shorter than the minimum allowed length (5)., genre: Validation failed: name: Path `name` (`其他`) is shorter than the minimum allowed length (5).\n    at model.Document.invalidate (D:\\Workspaces\\shopDev\\dolanBack\\node_modules\\mongoose\\lib\\document.js:2564:32)\n    at D:\\Workspaces\\shopDev\\dolanBack\\node_modules\\mongoose\\lib\\document.js:2386:17\n    at D:\\Workspaces\\shopDev\\dolanBack\\node_modules\\mongoose\\lib\\schematype.js:1181:9\n    at processTicksAndRejections (internal/process/task_queues.js:79:11)","errors":{"image":{"properties":{"message":"Path `image` is required.","type":"required","path":"image"},"kind":"required","path":"image"},"genre.name":{"properties":{"message":"Path `name` (`其他`) is shorter than the minimum allowed length (5).","type":"minlength","minlength":5,"path":"name","value":"其他"},"kind":"minlength","path":"name","value":"其他"},"genre":{"errors":{"name":{"properties":{"message":"Path `name` (`其他`) is shorter than the minimum allowed length (5).","type":"minlength","minlength":5,"path":"name","value":"其他"},"kind":"minlength","path":"name","value":"其他"}},"_message":"Validation failed","message":"Validation failed: name: Path `name` (`其他`) is shorter than the minimum allowed length (5)."}},"_message":"Products validation failed","level":"error","timestamp":"2020-08-10T04:01:24.576Z"}
{"level":"info","message":"Listening on port 3900...","timestamp":"2020-08-10T04:02:24.703Z"}
{"level":"info","message":"Connected to mongodb+srv://dolanAdmin:admin1234@cluster0.jruzj.mongodb.net/dolan...","timestamp":"2020-08-10T04:02:30.754Z"}
{"message":"Products validation failed: image: Path `image` is required., genre.name: Path `name` (`其他`) is shorter than the minimum allowed length (5)., genre: Validation failed: name: Path `name` (`其他`) is shorter than the minimum allowed length (5).","stack":"ValidationError: Products validation failed: image: Path `image` is required., genre.name: Path `name` (`其他`) is shorter than the minimum allowed length (5)., genre: Validation failed: name: Path `name` (`其他`) is shorter than the minimum allowed length (5).\n    at model.Document.invalidate (D:\\Workspaces\\shopDev\\dolanBack\\node_modules\\mongoose\\lib\\document.js:2564:32)\n    at D:\\Workspaces\\shopDev\\dolanBack\\node_modules\\mongoose\\lib\\document.js:2386:17\n    at D:\\Workspaces\\shopDev\\dolanBack\\node_modules\\mongoose\\lib\\schematype.js:1181:9\n    at processTicksAndRejections (internal/process/task_queues.js:79:11)","errors":{"image":{"properties":{"message":"Path `image` is required.","type":"required","path":"image"},"kind":"required","path":"image"},"genre.name":{"properties":{"message":"Path `name` (`其他`) is shorter than the minimum allowed length (5).","type":"minlength","minlength":5,"path":"name","value":"其他"},"kind":"minlength","path":"name","value":"其他"},"genre":{"errors":{"name":{"properties":{"message":"Path `name` (`其他`) is shorter than the minimum allowed length (5).","type":"minlength","minlength":5,"path":"name","value":"其他"},"kind":"minlength","path":"name","value":"其他"}},"_message":"Validation failed","message":"Validation failed: name: Path `name` (`其他`) is shorter than the minimum allowed length (5)."}},"_message":"Products validation failed","level":"error","timestamp":"2020-08-10T04:02:56.110Z"}
{"message":"Products validation failed: image: Path `image` is required., genre.name: Path `name` (`其他`) is shorter than the minimum allowed length (5)., genre: Validation failed: name: Path `name` (`其他`) is shorter than the minimum allowed length (5).","stack":"ValidationError: Products validation failed: image: Path `image` is required., genre.name: Path `name` (`其他`) is shorter than the minimum allowed length (5)., genre: Validation failed: name: Path `name` (`其他`) is shorter than the minimum allowed length (5).\n    at model.Document.invalidate (D:\\Workspaces\\shopDev\\dolanBack\\node_modules\\mongoose\\lib\\document.js:2564:32)\n    at D:\\Workspaces\\shopDev\\dolanBack\\node_modules\\mongoose\\lib\\document.js:2386:17\n    at D:\\Workspaces\\shopDev\\dolanBack\\node_modules\\mongoose\\lib\\schematype.js:1181:9\n    at processTicksAndRejections (internal/process/task_queues.js:79:11)","errors":{"image":{"properties":{"message":"Path `image` is required.","type":"required","path":"image"},"kind":"required","path":"image"},"genre.name":{"properties":{"message":"Path `name` (`其他`) is shorter than the minimum allowed length (5).","type":"minlength","minlength":5,"path":"name","value":"其他"},"kind":"minlength","path":"name","value":"其他"},"genre":{"errors":{"name":{"properties":{"message":"Path `name` (`其他`) is shorter than the minimum allowed length (5).","type":"minlength","minlength":5,"path":"name","value":"其他"},"kind":"minlength","path":"name","value":"其他"}},"_message":"Validation failed","message":"Validation failed: name: Path `name` (`其他`) is shorter than the minimum allowed length (5)."}},"_message":"Products validation failed","level":"error","timestamp":"2020-08-10T04:03:53.090Z"}
{"level":"info","message":"Listening on port 3900...","timestamp":"2020-08-10T04:05:04.285Z"}
{"level":"info","message":"Connected to mongodb+srv://dolanAdmin:admin1234@cluster0.jruzj.mongodb.net/dolan...","timestamp":"2020-08-10T04:05:04.828Z"}
{"message":"Products validation failed: genre.name: Path `name` (`其他`) is shorter than the minimum allowed length (5)., genre: Validation failed: name: Path `name` (`其他`) is shorter than the minimum allowed length (5).","stack":"ValidationError: Products validation failed: genre.name: Path `name` (`其他`) is shorter than the minimum allowed length (5)., genre: Validation failed: name: Path `name` (`其他`) is shorter than the minimum allowed length (5).\n    at model.Document.invalidate (D:\\Workspaces\\shopDev\\dolanBack\\node_modules\\mongoose\\lib\\document.js:2564:32)\n    at SingleNested.Subdocument.invalidate (D:\\Workspaces\\shopDev\\dolanBack\\node_modules\\mongoose\\lib\\types\\subdocument.js:167:18)\n    at D:\\Workspaces\\shopDev\\dolanBack\\node_modules\\mongoose\\lib\\document.js:2386:17\n    at D:\\Workspaces\\shopDev\\dolanBack\\node_modules\\mongoose\\lib\\schematype.js:1181:9\n    at processTicksAndRejections (internal/process/task_queues.js:79:11)","errors":{"genre.name":{"properties":{"message":"Path `name` (`其他`) is shorter than the minimum allowed length (5).","type":"minlength","minlength":5,"path":"name","value":"其他"},"kind":"minlength","path":"name","value":"其他"},"genre":{"errors":{"name":{"properties":{"message":"Path `name` (`其他`) is shorter than the minimum allowed length (5).","type":"minlength","minlength":5,"path":"name","value":"其他"},"kind":"minlength","path":"name","value":"其他"}},"_message":"Validation failed","message":"Validation failed: name: Path `name` (`其他`) is shorter than the minimum allowed length (5)."}},"_message":"Products validation failed","level":"error","timestamp":"2020-08-10T04:05:12.360Z"}
{"level":"info","message":"Listening on port 3900...","timestamp":"2020-08-10T04:05:20.342Z"}
{"level":"info","message":"Connected to mongodb+srv://dolanAdmin:admin1234@cluster0.jruzj.mongodb.net/dolan...","timestamp":"2020-08-10T04:05:20.983Z"}
{"message":"Products validation failed: genre.name: Path `name` (`其他`) is shorter than the minimum allowed length (5)., genre: Validation failed: name: Path `name` (`其他`) is shorter than the minimum allowed length (5).","stack":"ValidationError: Products validation failed: genre.name: Path `name` (`其他`) is shorter than the minimum allowed length (5)., genre: Validation failed: name: Path `name` (`其他`) is shorter than the minimum allowed length (5).\n    at model.Document.invalidate (D:\\Workspaces\\shopDev\\dolanBack\\node_modules\\mongoose\\lib\\document.js:2564:32)\n    at SingleNested.Subdocument.invalidate (D:\\Workspaces\\shopDev\\dolanBack\\node_modules\\mongoose\\lib\\types\\subdocument.js:167:18)\n    at D:\\Workspaces\\shopDev\\dolanBack\\node_modules\\mongoose\\lib\\document.js:2386:17\n    at D:\\Workspaces\\shopDev\\dolanBack\\node_modules\\mongoose\\lib\\schematype.js:1181:9\n    at processTicksAndRejections (internal/process/task_queues.js:79:11)","errors":{"genre.name":{"properties":{"message":"Path `name` (`其他`) is shorter than the minimum allowed length (5).","type":"minlength","minlength":5,"path":"name","value":"其他"},"kind":"minlength","path":"name","value":"其他"},"genre":{"errors":{"name":{"properties":{"message":"Path `name` (`其他`) is shorter than the minimum allowed length (5).","type":"minlength","minlength":5,"path":"name","value":"其他"},"kind":"minlength","path":"name","value":"其他"}},"_message":"Validation failed","message":"Validation failed: name: Path `name` (`其他`) is shorter than the minimum allowed length (5)."}},"_message":"Products validation failed","level":"error","timestamp":"2020-08-10T04:05:59.197Z"}
{"message":"Products validation failed: genre.name: Path `name` (`其他`) is shorter than the minimum allowed length (5)., genre: Validation failed: name: Path `name` (`其他`) is shorter than the minimum allowed length (5).","stack":"ValidationError: Products validation failed: genre.name: Path `name` (`其他`) is shorter than the minimum allowed length (5)., genre: Validation failed: name: Path `name` (`其他`) is shorter than the minimum allowed length (5).\n    at model.Document.invalidate (D:\\Workspaces\\shopDev\\dolanBack\\node_modules\\mongoose\\lib\\document.js:2564:32)\n    at SingleNested.Subdocument.invalidate (D:\\Workspaces\\shopDev\\dolanBack\\node_modules\\mongoose\\lib\\types\\subdocument.js:167:18)\n    at D:\\Workspaces\\shopDev\\dolanBack\\node_modules\\mongoose\\lib\\document.js:2386:17\n    at D:\\Workspaces\\shopDev\\dolanBack\\node_modules\\mongoose\\lib\\schematype.js:1181:9\n    at processTicksAndRejections (internal/process/task_queues.js:79:11)","errors":{"genre.name":{"properties":{"message":"Path `name` (`其他`) is shorter than the minimum allowed length (5).","type":"minlength","minlength":5,"path":"name","value":"其他"},"kind":"minlength","path":"name","value":"其他"},"genre":{"errors":{"name":{"properties":{"message":"Path `name` (`其他`) is shorter than the minimum allowed length (5).","type":"minlength","minlength":5,"path":"name","value":"其他"},"kind":"minlength","path":"name","value":"其他"}},"_message":"Validation failed","message":"Validation failed: name: Path `name` (`其他`) is shorter than the minimum allowed length (5)."}},"_message":"Products validation failed","level":"error","timestamp":"2020-08-10T04:06:37.903Z"}
{"message":"Products validation failed: genre.name: Path `name` (`其他`) is shorter than the minimum allowed length (5)., genre: Validation failed: name: Path `name` (`其他`) is shorter than the minimum allowed length (5).","stack":"ValidationError: Products validation failed: genre.name: Path `name` (`其他`) is shorter than the minimum allowed length (5)., genre: Validation failed: name: Path `name` (`其他`) is shorter than the minimum allowed length (5).\n    at model.Document.invalidate (D:\\Workspaces\\shopDev\\dolanBack\\node_modules\\mongoose\\lib\\document.js:2564:32)\n    at SingleNested.Subdocument.invalidate (D:\\Workspaces\\shopDev\\dolanBack\\node_modules\\mongoose\\lib\\types\\subdocument.js:167:18)\n    at D:\\Workspaces\\shopDev\\dolanBack\\node_modules\\mongoose\\lib\\document.js:2386:17\n    at D:\\Workspaces\\shopDev\\dolanBack\\node_modules\\mongoose\\lib\\schematype.js:1181:9\n    at processTicksAndRejections (internal/process/task_queues.js:79:11)","errors":{"genre.name":{"properties":{"message":"Path `name` (`其他`) is shorter than the minimum allowed length (5).","type":"minlength","minlength":5,"path":"name","value":"其他"},"kind":"minlength","path":"name","value":"其他"},"genre":{"errors":{"name":{"properties":{"message":"Path `name` (`其他`) is shorter than the minimum allowed length (5).","type":"minlength","minlength":5,"path":"name","value":"其他"},"kind":"minlength","path":"name","value":"其他"}},"_message":"Validation failed","message":"Validation failed: name: Path `name` (`其他`) is shorter than the minimum allowed length (5)."}},"_message":"Products validation failed","level":"error","timestamp":"2020-08-10T04:07:13.345Z"}
{"level":"info","message":"Listening on port 3900...","timestamp":"2020-08-10T04:07:43.341Z"}
{"level":"info","message":"Connected to mongodb+srv://dolanAdmin:admin1234@cluster0.jruzj.mongodb.net/dolan...","timestamp":"2020-08-10T04:07:43.922Z"}
{"message":"Products validation failed: genre.name: Path `name` (`其他`) is shorter than the minimum allowed length (5)., genre: Validation failed: name: Path `name` (`其他`) is shorter than the minimum allowed length (5).","stack":"ValidationError: Products validation failed: genre.name: Path `name` (`其他`) is shorter than the minimum allowed length (5)., genre: Validation failed: name: Path `name` (`其他`) is shorter than the minimum allowed length (5).\n    at model.Document.invalidate (D:\\Workspaces\\shopDev\\dolanBack\\node_modules\\mongoose\\lib\\document.js:2564:32)\n    at SingleNested.Subdocument.invalidate (D:\\Workspaces\\shopDev\\dolanBack\\node_modules\\mongoose\\lib\\types\\subdocument.js:167:18)\n    at D:\\Workspaces\\shopDev\\dolanBack\\node_modules\\mongoose\\lib\\document.js:2386:17\n    at D:\\Workspaces\\shopDev\\dolanBack\\node_modules\\mongoose\\lib\\schematype.js:1181:9\n    at processTicksAndRejections (internal/process/task_queues.js:79:11)","errors":{"genre.name":{"properties":{"message":"Path `name` (`其他`) is shorter than the minimum allowed length (5).","type":"minlength","minlength":5,"path":"name","value":"其他"},"kind":"minlength","path":"name","value":"其他"},"genre":{"errors":{"name":{"properties":{"message":"Path `name` (`其他`) is shorter than the minimum allowed length (5).","type":"minlength","minlength":5,"path":"name","value":"其他"},"kind":"minlength","path":"name","value":"其他"}},"_message":"Validation failed","message":"Validation failed: name: Path `name` (`其他`) is shorter than the minimum allowed length (5)."}},"_message":"Products validation failed","level":"error","timestamp":"2020-08-10T04:07:45.682Z"}
{"message":"Products validation failed: genre.name: Path `name` (`其他`) is shorter than the minimum allowed length (5)., genre: Validation failed: name: Path `name` (`其他`) is shorter than the minimum allowed length (5).","stack":"ValidationError: Products validation failed: genre.name: Path `name` (`其他`) is shorter than the minimum allowed length (5)., genre: Validation failed: name: Path `name` (`其他`) is shorter than the minimum allowed length (5).\n    at model.Document.invalidate (D:\\Workspaces\\shopDev\\dolanBack\\node_modules\\mongoose\\lib\\document.js:2564:32)\n    at SingleNested.Subdocument.invalidate (D:\\Workspaces\\shopDev\\dolanBack\\node_modules\\mongoose\\lib\\types\\subdocument.js:167:18)\n    at D:\\Workspaces\\shopDev\\dolanBack\\node_modules\\mongoose\\lib\\document.js:2386:17\n    at D:\\Workspaces\\shopDev\\dolanBack\\node_modules\\mongoose\\lib\\schematype.js:1181:9\n    at processTicksAndRejections (internal/process/task_queues.js:79:11)","errors":{"genre.name":{"properties":{"message":"Path `name` (`其他`) is shorter than the minimum allowed length (5).","type":"minlength","minlength":5,"path":"name","value":"其他"},"kind":"minlength","path":"name","value":"其他"},"genre":{"errors":{"name":{"properties":{"message":"Path `name` (`其他`) is shorter than the minimum allowed length (5).","type":"minlength","minlength":5,"path":"name","value":"其他"},"kind":"minlength","path":"name","value":"其他"}},"_message":"Validation failed","message":"Validation failed: name: Path `name` (`其他`) is shorter than the minimum allowed length (5)."}},"_message":"Products validation failed","level":"error","timestamp":"2020-08-10T04:07:46.861Z"}
{"level":"info","message":"Listening on port 3900...","timestamp":"2020-08-10T04:08:54.780Z"}
{"level":"info","message":"Connected to mongodb+srv://dolanAdmin:admin1234@cluster0.jruzj.mongodb.net/dolan...","timestamp":"2020-08-10T04:08:55.490Z"}
{"message":"Products validation failed: genre.name: Path `name` (`其他`) is shorter than the minimum allowed length (5)., genre: Validation failed: name: Path `name` (`其他`) is shorter than the minimum allowed length (5).","stack":"ValidationError: Products validation failed: genre.name: Path `name` (`其他`) is shorter than the minimum allowed length (5)., genre: Validation failed: name: Path `name` (`其他`) is shorter than the minimum allowed length (5).\n    at model.Document.invalidate (D:\\Workspaces\\shopDev\\dolanBack\\node_modules\\mongoose\\lib\\document.js:2564:32)\n    at SingleNested.Subdocument.invalidate (D:\\Workspaces\\shopDev\\dolanBack\\node_modules\\mongoose\\lib\\types\\subdocument.js:167:18)\n    at D:\\Workspaces\\shopDev\\dolanBack\\node_modules\\mongoose\\lib\\document.js:2386:17\n    at D:\\Workspaces\\shopDev\\dolanBack\\node_modules\\mongoose\\lib\\schematype.js:1181:9\n    at processTicksAndRejections (internal/process/task_queues.js:79:11)","errors":{"genre.name":{"properties":{"message":"Path `name` (`其他`) is shorter than the minimum allowed length (5).","type":"minlength","minlength":5,"path":"name","value":"其他"},"kind":"minlength","path":"name","value":"其他"},"genre":{"errors":{"name":{"properties":{"message":"Path `name` (`其他`) is shorter than the minimum allowed length (5).","type":"minlength","minlength":5,"path":"name","value":"其他"},"kind":"minlength","path":"name","value":"其他"}},"_message":"Validation failed","message":"Validation failed: name: Path `name` (`其他`) is shorter than the minimum allowed length (5)."}},"_message":"Products validation failed","level":"error","timestamp":"2020-08-10T04:09:14.098Z"}
{"level":"info","message":"Listening on port 3900...","timestamp":"2020-08-10T04:10:13.231Z"}
{"level":"info","message":"Connected to mongodb+srv://dolanAdmin:admin1234@cluster0.jruzj.mongodb.net/dolan...","timestamp":"2020-08-10T04:10:13.826Z"}
{"level":"info","message":"Listening on port 3900...","timestamp":"2020-08-10T04:12:26.102Z"}
{"level":"info","message":"Connected to mongodb+srv://dolanAdmin:admin1234@cluster0.jruzj.mongodb.net/dolan...","timestamp":"2020-08-10T04:12:31.709Z"}
{"level":"info","message":"Listening on port 3900...","timestamp":"2020-08-10T04:13:07.422Z"}
{"level":"info","message":"Connected to mongodb+srv://dolanAdmin:admin1234@cluster0.jruzj.mongodb.net/dolan...","timestamp":"2020-08-10T04:13:08.038Z"}
{"level":"info","message":"Listening on port 3900...","timestamp":"2020-08-10T04:13:15.310Z"}
{"level":"info","message":"Connected to mongodb+srv://dolanAdmin:admin1234@cluster0.jruzj.mongodb.net/dolan...","timestamp":"2020-08-10T04:13:16.059Z"}
{"level":"info","message":"Listening on port 3900...","timestamp":"2020-08-12T03:19:44.843Z"}
{"level":"info","message":"Listening on port 3900...","timestamp":"2020-08-12T03:20:25.921Z"}
{"level":"info","message":"Listening on port 3900...","timestamp":"2020-08-12T03:20:53.419Z"}
{"level":"info","message":"Connected to mongodb+srv://dolanAdmin:admin1234@cluster0.jruzj.mongodb.net/dolan...","timestamp":"2020-08-12T03:20:53.977Z"}
{"level":"info","message":"Listening on port 3900...","timestamp":"2020-08-12T03:22:22.133Z"}
{"level":"info","message":"Connected to mongodb+srv://dolanAdmin:admin1234@cluster0.jruzj.mongodb.net/dolan...","timestamp":"2020-08-12T03:22:22.818Z"}
{"level":"info","message":"Listening on port 3900...","timestamp":"2020-08-12T03:24:09.136Z"}
{"level":"info","message":"Connected to mongodb+srv://dolanAdmin:admin1234@cluster0.jruzj.mongodb.net/dolan...","timestamp":"2020-08-12T03:24:09.747Z"}
